<?xml version="1.0" encoding="UTF-8"?>
<!-- Generated by org.testng.reporters.JUnitReportReporter -->
<testsuite hostname="Sasikumar" failures="0" tests="2" name="org.test.testPages.Login" time="2.560" errors="0" timestamp="2023-11-27T11:00:41 IST" skipped="0">
  <testcase classname="org.test.testPages.Login" name="LoginUI" time="0.567"/>
  <testcase classname="org.test.testPages.Login" name="LoginPageFunctionalites" time="1.993"/>
</testsuite> <!-- org.test.testPages.Login -->
