<?xml version="1.0" encoding="UTF-8"?>
<!-- Generated by org.testng.reporters.JUnitReportReporter -->
<testsuite hostname="Sasikumar" failures="0" tests="1" name="org.test.testPages.PopularPage" time="1.367" errors="0" timestamp="2023-11-27T08:32:40 IST" skipped="0">
  <testcase classname="org.test.testPages.PopularPage" name="PopularPage" time="1.367"/>
</testsuite> <!-- org.test.testPages.PopularPage -->
