<?xml version="1.0" encoding="UTF-8"?>
<!-- Generated by org.testng.reporters.JUnitReportReporter -->
<testsuite hostname="Sasikumar" failures="0" tests="1" name="org.test.testPages.HeaderFunc" time="3.057" errors="0" timestamp="2023-11-27T11:00:41 IST" skipped="0">
  <testcase classname="org.test.testPages.HeaderFunc" name="Header" time="3.057"/>
</testsuite> <!-- org.test.testPages.HeaderFunc -->
